[2019-10-11 11:25:42] 23000 >>1062 >>Duplicate entry 'id_70898726' for key 'k_idpromotor' >>INSERT INTO `promo_referencia` (`nombre_apellido_ref`, `tvinculo_ref`, `num_ref`, `correo_ref`, `estado`, `idpromotor`) VALUES ('hulk', 'trainer', '990990991', 'hulk@gmail.com', 1, 'id_70898726')
[2019-10-11 11:25:42] La ruta del archivo es : /home/analewnk/host/yopromotor.analyticsperu.com/src/..//uploads/70898726/70898726-PDF.pdf
[2019-10-11 11:25:42] Se envió un correo satisfactoriamente a: cristhian13sys@gmail.com
[2019-10-11 11:47:01] La ruta del archivo es : /home/analewnk/host/yopromotor.analyticsperu.com/src/..//uploads/23123123/23123123-PDF.pdf
[2019-10-11 11:47:01] Se envió un correo satisfactoriamente a: cristhian13sys@gmail.com
[2019-10-11 11:56:56] La ruta del archivo es : /home/analewnk/host/yopromotor.analyticsperu.com/src/..//uploads/66663123/66663123-PDF.pdf
[2019-10-11 11:56:56] Se envió un correo satisfactoriamente a: cristhian13sys@gmail.com
[2019-10-11 15:01:39] La ruta del archivo es : /home/analewnk/host/yopromotor.analyticsperu.com/src/..//uploads/78979879/78979879-PDF.pdf
[2019-10-11 15:01:39] Se envió un correo satisfactoriamente a: dasdas@asd
[2019-10-14 10:43:07] La ruta del archivo es : /home/analewnk/host/yopromotor.analyticsperu.com/src/..//uploads/87876856/87876856-PDF.pdf
[2019-10-14 10:43:07] Se envió un correo satisfactoriamente a: cristhian13sys@gmail.com
[2019-10-17 09:56:41] La ruta del archivo es : /home/analewnk/host/yopromotor.analyticsperu.com/src/..//uploads/78979878/78979878-PDF.pdf
[2019-10-17 09:56:41] Se envió un correo satisfactoriamente a: asd@asd
[2019-10-21 12:18:10] La ruta del archivo es : D:\xampp\htdocs\yopromotorConsulta\src/..//uploads/76576575/76576575-PDF.pdf
[2019-10-21 12:18:10] Se envió un correo satisfactoriamente a: asdasdas@asdads.asd
[2019-10-21 12:44:03] La ruta del archivo es : D:\xampp\htdocs\yopromotorConsulta\src/..//uploads/32423423/32423423-PDF.pdf
[2019-10-21 12:44:03] Se envió un correo satisfactoriamente a: dasdas@asdas.asd
[2019-10-22 14:58:38] Peticion vacia
[2019-10-22 15:09:57] Peticion vacia:  
[2019-10-22 15:11:56] Peticion vacia
[2019-10-22 15:52:43] Autenticación fallida Email: gjgggf@aggg, Pass: gfxxxh
[2019-10-22 15:52:44] Autenticación fallida Email: gjgggf@aggg, Pass: gfxxxh
[2019-10-22 15:52:44] Autenticación fallida Email: gjgggf@aggg, Pass: gfxxxh
[2019-10-22 15:52:45] Autenticación fallida Email: gjgggf@aggg, Pass: gfxxxh
[2019-10-22 15:52:45] Autenticación fallida Email: gjgggf@aggg, Pass: gfxxxh
[2019-10-22 15:52:49] Autenticación fallida Email: gjgggf@aggg, Pass: gfxxxh
[2019-10-22 15:57:15] Autenticación fallida Email: gxxxh@asxxasd, Pass: gfxxxh
[2019-10-22 15:59:07] Autenticación fallida Email: gxxxh@asxxasd, Pass: gfxxxh
[2019-10-28 12:53:16] -----1---
[2019-10-28 12:53:16] 
[2019-10-28 12:56:17] -----1---
[2019-10-28 12:56:17] 
[2019-10-28 12:59:17] -----1---
[2019-10-28 12:59:17] 
[2019-10-28 14:26:34] id_60898851  -- 0
[2019-10-28 14:26:35] id_32423423  -- 0
[2019-10-28 14:26:49] id_32423423  -- 2
[2019-10-28 14:26:50] id_60898851  -- 2
[2019-10-28 14:26:52] id_61898853  -- 2
[2019-10-28 14:26:55] id_64898212  -- 2
[2019-10-28 14:26:58] id_64898212  -- 0
[2019-10-28 14:27:02] id_70898852  -- 2
[2019-10-28 14:27:03] id_70898853  -- 2
[2019-10-28 14:27:03] id_76576575  -- 2
[2019-10-28 14:27:04] id_89875633  -- 2
[2019-10-28 14:27:05] id_89875775  -- 2
[2019-10-28 14:28:35] id_76576575  -- 0
[2019-10-28 14:28:36] id_70898853  -- 0
[2019-10-28 14:28:38] id_89875633  -- 0
[2019-10-28 14:28:40] id_76576575  -- 2
[2019-10-28 20:47:43] id_32423423  -- 0
[2019-10-28 20:57:58] id_32423423  -- 2
[2019-10-28 20:57:59] id_32423423  -- 0
[2019-10-28 21:00:22] id_32423423  -- 0
[2019-10-28 21:00:24] id_32423423  -- 2
[2019-10-28 21:00:25] id_32423423  -- 0
[2019-10-28 21:00:25] id_32423423  -- 2
[2019-10-28 15:04:41] -----1---
[2019-10-28 15:04:41] 
[2019-10-28 15:11:55] -----1---
[2019-10-28 15:11:55] 
[2019-10-28 15:17:49] -----1---
[2019-10-28 15:17:49] 
[2019-10-28 21:20:22] id_60898851  -- 0
[2019-10-28 21:20:23] id_61898853  -- 0
[2019-10-28 15:22:41] -----1---
[2019-10-28 15:22:41] 
[2019-10-28 21:34:31] id_32423423  -- 2
[2019-10-28 21:34:32] id_32423423  -- 2
[2019-10-28 21:34:33] id_32423423  -- 0
[2019-10-28 21:34:34] id_62898822  -- 0
[2019-10-28 21:34:35] id_63898823  -- 0
[2019-10-28 21:34:40] id_76576575  -- 0
[2019-10-28 21:34:40] id_76576575  -- 2
[2019-10-28 21:34:41] id_76576575  -- 0
[2019-10-28 21:34:42] id_70898852  -- 0
[2019-10-28 21:34:43] id_89875775  -- 0
[2019-10-28 15:45:29] -----1---
[2019-10-28 15:45:29] 
[2019-10-28 16:05:31] -----1---
[2019-10-28 16:05:31] 
[2019-10-28 16:09:58] -----1---
[2019-10-28 16:09:58] 
[2019-10-28 16:10:12] -----1---
[2019-10-28 16:10:12] 
[2019-10-28 16:11:41] -----1---
[2019-10-28 16:11:41] 
[2019-10-28 16:12:06] -----1---
[2019-10-28 16:12:06] 
[2019-10-28 16:13:29] -----1---
[2019-10-28 16:13:29] 
[2019-10-28 16:14:25] -----1---
[2019-10-28 16:14:25] 
[2019-10-28 16:14:50] -----1---
[2019-10-28 16:14:50] 
[2019-10-28 16:22:41] --------
[2019-10-28 16:22:41] Autenticación fallida Email: asd@asd, Pass: 7815696ecbf1c96e6894b779456d330e ----- ---
[2019-10-28 16:23:12] -----1---
[2019-10-28 16:23:12] 
[2019-10-28 23:06:13] id_32423423  -- 2
[2019-10-28 23:06:13] id_32423423  -- 1
[2019-10-28 23:06:14] id_32423423  -- 2
[2019-10-28 23:06:14] id_32423423  -- 1
[2019-10-28 23:06:16] id_60898851  -- 2
[2019-10-28 23:06:16] id_60898851  -- 1
[2019-10-28 23:06:49] id_61898853  -- 1
[2019-10-28 23:06:51] id_62898822  -- 1
[2019-10-28 23:08:08] id_63898823  -- 1
[2019-10-28 23:08:09] id_64898212  -- 1
[2019-10-28 23:08:11] id_65891152  -- 1
[2019-10-28 23:08:11] id_66821252  -- 1
[2019-10-28 23:08:12] id_70898822  -- 1
[2019-10-28 23:08:30] id_63898823  -- 2
[2019-10-28 23:08:31] id_64898212  -- 2
[2019-10-28 23:08:32] id_65891152  -- 2
[2019-10-28 23:08:33] id_63898823  -- 1
[2019-10-28 23:08:34] id_64898212  -- 1
[2019-10-28 23:08:46] id_62898822  -- 0
[2019-10-28 23:08:47] id_62898822  -- 1
[2019-10-28 23:08:50] id_60898851  -- 2
[2019-10-28 23:08:50] id_61898853  -- 2
[2019-10-28 23:08:52] id_62898822  -- 2
[2019-10-28 23:08:52] id_63898823  -- 2
[2019-10-28 23:08:53] id_64898212  -- 2
[2019-10-28 23:08:54] id_61898853  -- 1
[2019-10-28 23:09:15] id_62898822  -- 1
[2019-10-28 23:10:55] id_63898823  -- 1
[2019-10-28 23:10:56] id_64898212  -- 1
[2019-10-28 23:10:56] id_65891152  -- 1
[2019-10-28 23:10:58] id_60898851  -- 0
[2019-10-28 23:10:59] id_61898853  -- 0
[2019-10-28 23:11:00] id_62898822  -- 0
[2019-10-28 23:11:01] id_63898823  -- 0
[2019-10-28 23:11:01] id_64898212  -- 0
[2019-10-28 23:11:02] id_65891152  -- 0
[2019-10-28 23:11:03] id_66821252  -- 0
[2019-10-28 23:11:05] id_60898851  -- 1
[2019-10-28 23:11:05] id_61898853  -- 1
[2019-10-28 23:11:06] id_62898822  -- 1
[2019-10-28 23:11:06] id_63898823  -- 1
[2019-10-28 23:11:06] id_64898212  -- 1
[2019-10-28 23:11:07] id_65891152  -- 1
[2019-10-28 23:11:07] id_66821252  -- 1
[2019-10-28 23:11:52] id_62898822  -- 0
[2019-10-28 23:11:53] id_63898823  -- 0
[2019-10-28 23:11:53] id_63898823  -- 0
[2019-10-28 23:11:54] id_64898212  -- 0
[2019-10-28 23:11:54] id_65891152  -- 0
[2019-10-28 23:11:55] id_66821252  -- 0
[2019-10-28 23:11:57] id_64898212  -- 1
[2019-10-28 23:11:59] id_65891152  -- 1
[2019-10-28 23:12:02] id_76576575  -- 1
[2019-10-28 23:12:03] id_70898853  -- 1
[2019-10-28 23:12:03] id_70898852  -- 1
[2019-10-28 23:12:04] id_70898853  -- 2
[2019-10-28 23:12:04] id_76576575  -- 2
[2019-10-29 08:46:29] -----1---
[2019-10-29 08:46:29] 
[2019-10-29 09:04:31] -----1---
[2019-10-29 09:04:31] 
[2019-10-29 15:04:47] id_61898853  -- 2
[2019-10-29 15:04:48] id_63898823  -- 2
[2019-10-29 09:52:35] La ruta del archivo es : D:\xampp\htdocs\yopromotorCliente\src/..//uploads/78978122/78978122-PDF.pdf
[2019-10-29 09:52:35] Se envió un correo satisfactoriamente a: asdsdaasd@asdasd
[2019-10-29 11:34:44] La ruta del archivo es : D:\xampp\htdocs\yopromotorCliente\src/..//uploads/77564564/77564564-PDF.pdf
[2019-10-29 11:34:44] Se envió un correo satisfactoriamente a: xxxxxxxxxxxxxxxxf@asddsadas
[2019-10-29 11:43:15] La ruta del archivo es : D:\xampp\htdocs\yopromotorCliente\src/..//uploads/57567464/57567464-PDF.pdf
[2019-10-29 11:43:15] Se envió un correo satisfactoriamente a: asdasdadfghfhfg@dasdas
[2019-10-29 11:51:59] La ruta del archivo es : D:\xampp\htdocs\yopromotorCliente\src/..//uploads/55555455/55555455-PDF.pdf
[2019-10-29 11:51:59] Se envió un correo satisfactoriamente a: fdsfdsgfhgf@dasdsad
[2019-10-29 11:56:11] La ruta del archivo es : D:\xampp\htdocs\yopromotorCliente\src/..//uploads/45645645/45645645-PDF.pdf
[2019-10-29 11:56:11] Se envió un correo satisfactoriamente a: hgfhgfhgjgd@asddas
[2019-10-29 12:03:56] La ruta del archivo es : D:\xampp\htdocs\yopromotorCliente\src/..//uploads/53453453/53453453-PDF.pdf
[2019-10-29 12:03:56] Se envió un correo satisfactoriamente a: dfsdfdfsdfs@dasda.asd
[2019-10-29 12:11:45] La ruta del archivo es : D:\xampp\htdocs\yopromotorCliente\src/..//uploads/34532456/34532456-PDF.pdf
[2019-10-29 12:11:45] Se envió un correo satisfactoriamente a: fsdfsdfhgfjgh@dasdas
[2019-10-29 12:57:30] -----1---
[2019-10-29 12:57:30] 
[2019-10-30 14:29:58] -----1---
[2019-10-30 14:29:58] 
[2019-10-30 14:35:00] -----1---
[2019-10-30 14:35:00] 
[2019-10-30 14:41:18] -----1---
[2019-10-30 14:41:18] 
[2019-10-30 14:43:35] -----1---
[2019-10-30 14:43:35] 
[2019-10-30 14:44:50] -----1---
[2019-10-30 14:44:50] 
[2019-10-30 20:46:23] id_34532456  -- 2
[2019-10-30 20:46:23] id_45645645  -- 2
[2019-10-30 20:46:24] id_53453453  -- 2
[2019-10-30 20:46:24] id_55555455  -- 2
[2019-10-30 14:48:06] -----1---
[2019-10-30 14:48:06] 
[2019-10-30 15:42:16] La ruta del archivo es : D:\xampp\htdocs\yopromotorCliente\src/..//uploads/70077070/70077070-PDF.pdf
[2019-10-30 15:42:16] Se envió un correo satisfactoriamente a: ddasd@asdasd
[2019-10-30 15:55:30] La ruta del archivo es : D:\xampp\htdocs\yopromotorCliente\src/..//uploads/70000001/70000001-PDF.pdf
[2019-10-30 15:55:30] Se envió un correo satisfactoriamente a: ddasd@asdaaa
[2019-10-30 15:56:12] -----1---
[2019-10-30 15:56:12] 
[2019-11-04 09:10:39] Autenticación fallida Email: asd@asd, Pass: asd
[2019-11-04 09:10:56] -----1---
[2019-11-04 09:10:56] 
[2019-11-04 09:11:29] Autenticación fallida Email: asd@asd, Pass: asd
[2019-11-04 09:11:54] -----1---
[2019-11-04 09:11:54] 
[2019-11-04 09:29:12] -----1---
[2019-11-04 09:29:12] 
[2019-11-04 09:49:26] -----1---
[2019-11-04 09:49:26] 
[2019-11-04 15:51:40] id_32423423  -- 2
[2019-11-04 15:51:45] id_32423423  -- 0
[2019-11-04 15:51:47] id_32423423  -- 1
[2019-11-04 15:51:54] id_64898212  -- 2
[2019-11-04 15:52:42] id_34532456  -- 0
[2019-11-04 15:52:46] id_34532456  -- 1
[2019-11-04 15:52:49] id_34532456  -- 2
[2019-11-04 15:53:14] id_32423423  -- 1
[2019-11-04 15:53:16] id_34532456  -- 1
[2019-11-04 15:53:16] id_45645645  -- 1
[2019-11-04 15:53:17] id_53453453  -- 1
[2019-11-04 15:53:18] id_55555455  -- 1
[2019-11-04 15:53:22] id_61898853  -- 1
[2019-11-04 15:53:56] id_32423423  -- 2
[2019-11-04 15:55:10] id_55555455  -- 1
[2019-11-04 15:55:10] id_55555455  -- 0
[2019-11-04 15:55:11] id_55555455  -- 1
[2019-11-04 15:55:34] id_89875784  -- 0
[2019-11-04 15:55:35] id_89875633  -- 1
[2019-11-04 15:55:36] id_89875775  -- 1
[2019-11-04 15:55:36] id_89875784  -- 1
[2019-11-04 15:55:40] id_78978122  -- 1
[2019-11-04 15:56:22] id_57567464  -- 1
[2019-11-04 15:56:23] id_57567464  -- 1
[2019-11-04 15:56:25] id_60898851  -- 1
[2019-11-04 15:56:25] id_57567464  -- 1
[2019-11-04 15:56:26] id_55555455  -- 1
[2019-11-04 15:56:27] id_60898851  -- 0
[2019-11-04 15:56:29] id_60898851  -- 1
[2019-11-04 15:56:56] id_34532456  -- 1
[2019-11-04 15:56:57] id_45645645  -- 1
[2019-11-04 15:56:57] id_53453453  -- 1
[2019-11-04 15:56:59] id_55555455  -- 0
[2019-11-04 15:56:59] id_57567464  -- 0
[2019-11-04 15:57:01] id_60898851  -- 0
[2019-11-04 15:57:01] id_61898853  -- 0
[2019-11-04 15:57:03] id_55555455  -- 1
[2019-11-04 15:57:04] id_57567464  -- 1
[2019-11-04 15:57:04] id_60898851  -- 1
[2019-11-04 15:57:05] id_61898853  -- 1
[2019-11-04 15:57:06] id_62898822  -- 1
[2019-11-04 15:57:09] id_53453453  -- 1
[2019-11-04 15:57:10] id_55555455  -- 1
[2019-11-04 15:57:12] id_55555455  -- 1
[2019-11-04 15:57:13] id_55555455  -- 1
[2019-11-04 15:57:13] id_55555455  -- 1
[2019-11-04 15:57:13] id_55555455  -- 1
[2019-11-04 15:57:13] id_55555455  -- 1
[2019-11-04 15:58:14] id_45645645  -- 0
[2019-11-04 15:58:15] id_53453453  -- 0
[2019-11-04 15:58:15] id_55555455  -- 0
[2019-11-04 15:58:16] id_57567464  -- 0
[2019-11-04 15:58:18] id_53453453  -- 2
[2019-11-04 15:58:19] id_55555455  -- 2
[2019-11-04 16:02:51] id_61898853  -- 2
[2019-11-04 16:02:52] id_62898822  -- 2
[2019-11-04 16:02:53] id_60898851  -- 2
[2019-11-04 16:05:01] id_34532456  -- 1
[2019-11-04 16:05:04] id_55555455  -- 1
[2019-11-04 16:05:04] id_53453453  -- 1
[2019-11-04 16:05:05] id_45645645  -- 1
[2019-11-04 16:05:06] id_32423423  -- 1
[2019-11-04 16:06:39] id_34532456  -- 2
[2019-11-04 16:10:38] id_32423423  -- 2
[2019-11-04 16:10:44] id_32423423  -- 1
[2019-11-04 16:10:52] id_32423423  -- 2
[2019-11-04 16:10:53] id_45645645  -- 2
[2019-11-04 16:10:54] id_53453453  -- 2
[2019-11-04 16:10:54] id_55555455  -- 2
[2019-11-04 16:13:21] id_34532456  -- 1
[2019-11-04 16:16:26] id_32423423  -- 1
[2019-11-04 16:16:27] id_34532456  -- 1
[2019-11-04 16:16:28] id_45645645  -- 1
[2019-11-04 16:16:28] id_53453453  -- 1
[2019-11-04 16:16:29] id_55555455  -- 1
[2019-11-04 16:16:29] id_57567464  -- 1
[2019-11-04 16:16:30] id_60898851  -- 1
[2019-11-04 16:16:31] id_61898853  -- 1
[2019-11-04 16:16:32] id_63898823  -- 1
[2019-11-04 16:16:33] id_62898822  -- 1
[2019-11-04 16:16:34] id_62898822  -- 1
[2019-11-04 16:16:36] id_62898822  -- 1
[2019-11-04 16:16:36] id_62898822  -- 1
[2019-11-04 16:16:37] id_62898822  -- 1
[2019-11-04 16:16:37] id_62898822  -- 1
[2019-11-04 16:16:37] id_62898822  -- 1
[2019-11-04 16:16:38] id_62898822  -- 1
[2019-11-04 16:20:49] id_76576575  -- 1
[2019-11-06 15:07:58] -----1---
[2019-11-06 15:07:58] 
[2019-11-06 21:08:16] id_34532456  -- 0
[2019-11-06 21:08:18] id_45645645  -- 0
[2019-11-06 21:08:20] id_45645645  -- 1
[2019-11-06 21:08:21] id_45645645  -- 1
[2019-11-06 21:08:22] id_55555455  -- 1
[2019-11-06 21:08:23] id_55555455  -- 0
[2019-11-06 21:08:24] id_57567464  -- 0
[2019-11-06 21:08:32] id_45645645  -- 0
[2019-11-06 21:08:32] id_53453453  -- 0
[2019-11-06 21:08:33] id_60898851  -- 0
[2019-11-06 21:08:34] id_61898853  -- 0
[2019-11-06 21:08:34] id_62898822  -- 0
[2019-11-06 21:08:35] id_63898823  -- 0
